loading corpus...
Warning: You are sending unauthenticated requests to the HF Hub. Please set a HF_TOKEN to enable higher rate limits and faster downloads.
  vocab: 2050 tokens
  codebook: torch.Size([2050, 4096])
  cue stream: 2000 valid cues (filtered from 23008 candidates); test set: 400

======================================================================
  Condition: baseline (no replay, no consolidation)
======================================================================
  step=    0  top1=0.074  topk=0.337  cap_t05=0.212
  step=  500  top1=0.074  topk=0.340  cap_t05=0.199
  step= 1000  top1=0.077  topk=0.360  cap_t05=0.209
  step= 1500  top1=0.084  topk=0.354  cap_t05=0.189
  step= 2000  top1=0.098  topk=0.354  cap_t05=0.199

======================================================================
  Condition: phase4 (trajectory + consolidation + replay)
======================================================================
  step=    0  top1=0.074  topk=0.337  cap_t05=0.212
  step=  500  top1=0.094  topk=0.377  cap_t05=0.226  store=0 meanU=0.133 n_pat=4097 cands=1
  step= 1000  top1=0.094  topk=0.370  cap_t05=0.269  store=0 meanU=0.065 n_pat=4097 cands=1
  step= 1500  top1=0.094  topk=0.370  cap_t05=0.256  store=0 meanU=0.039 n_pat=4097 cands=1
  step= 2000  top1=0.094  topk=0.370  cap_t05=0.242  store=0 meanU=0.026 n_pat=4097 cands=1

======================================================================
  Summary: deltas at each checkpoint
======================================================================
    step    cb_top1    p4_top1    Δtop1   cb_capt5   p4_capt5    Δcap_t5
       0      0.074      0.074   +0.000      0.212      0.212     +0.000
     500      0.074      0.094   +0.020      0.199      0.226     +0.027
    1000      0.077      0.094   +0.017      0.209      0.269     +0.061
    1500      0.084      0.094   +0.010      0.189      0.256     +0.067
    2000      0.098      0.094   -0.003      0.199      0.242     +0.044

  results: /Users/dypatterson/Desktop/Neuro-AI/reports/phase4_rt0p85_seed1/phase4_unified_results.json
