loading corpus...
  vocab: 2050 tokens
  codebook: torch.Size([2050, 4096])
  cue stream: 2000 valid cues (filtered from 23008 candidates); test set: 400

======================================================================
  Condition: baseline (no replay, no consolidation)
======================================================================
  step=    0  top1=0.106  topk=0.375  cap_t05=0.254
  step=  500  top1=0.102  topk=0.375  cap_t05=0.254
  step= 1000  top1=0.106  topk=0.364  cap_t05=0.223
  step= 1500  top1=0.088  topk=0.357  cap_t05=0.194
  step= 2000  top1=0.088  topk=0.364  cap_t05=0.180

======================================================================
  Condition: phase4 (trajectory + consolidation + replay)
======================================================================
  step=    0  top1=0.106  topk=0.375  cap_t05=0.254
  step=  500  top1=0.120  topk=0.367  cap_t05=0.244  store=0 meanU=0.133 n_pat=4099 cands=3
  step= 1000  top1=0.120  topk=0.364  cap_t05=0.216  store=0 meanU=0.065 n_pat=4101 cands=5
  step= 1500  top1=0.124  topk=0.357  cap_t05=0.180  store=0 meanU=0.039 n_pat=4101 cands=5
  step= 2000  top1=0.110  topk=0.364  cap_t05=0.180  store=0 meanU=0.026 n_pat=4101 cands=5

======================================================================
  Summary: deltas at each checkpoint
======================================================================
    step    cb_top1    p4_top1    Δtop1   cb_capt5   p4_capt5    Δcap_t5
       0      0.106      0.106   +0.000      0.254      0.254     +0.000
     500      0.102      0.120   +0.018      0.254      0.244     -0.011
    1000      0.106      0.120   +0.014      0.223      0.216     -0.007
    1500      0.088      0.124   +0.035      0.194      0.180     -0.014
    2000      0.088      0.110   +0.021      0.180      0.180     +0.000

  results: /Users/dypatterson/Desktop/Neuro-AI/reports/phase4_rt0p85_seed11/phase4_unified_results.json
