loading corpus...
Warning: You are sending unauthenticated requests to the HF Hub. Please set a HF_TOKEN to enable higher rate limits and faster downloads.
  vocab: 2050 tokens
  codebook: torch.Size([2050, 4096])
  cue stream: 2000 valid cues (filtered from 23008 candidates); test set: 400

======================================================================
  Condition: baseline (no replay, no consolidation)
======================================================================
  step=    0  top1=0.122  topk=0.310  cap_t05=0.276
  step=  500  top1=0.122  topk=0.306  cap_t05=0.255
  step= 1000  top1=0.122  topk=0.316  cap_t05=0.259
  step= 1500  top1=0.122  topk=0.316  cap_t05=0.262
  step= 2000  top1=0.122  topk=0.303  cap_t05=0.262

======================================================================
  Condition: phase4 (trajectory + consolidation + replay)
======================================================================
  step=    0  top1=0.122  topk=0.310  cap_t05=0.276
  step=  500  top1=0.122  topk=0.313  cap_t05=0.255  store=0 meanU=0.133 n_pat=4126 cands=30
  step= 1000  top1=0.122  topk=0.306  cap_t05=0.259  store=0 meanU=0.065 n_pat=4126 cands=30
  step= 1500  top1=0.122  topk=0.313  cap_t05=0.255  store=0 meanU=0.039 n_pat=4126 cands=30
  step= 2000  top1=0.122  topk=0.303  cap_t05=0.255  store=0 meanU=0.026 n_pat=4126 cands=30

======================================================================
  Summary: deltas at each checkpoint
======================================================================
    step    cb_top1    p4_top1    Δtop1   cb_capt5   p4_capt5    Δcap_t5
       0      0.122      0.122   +0.000      0.276      0.276     +0.000
     500      0.122      0.122   +0.000      0.255      0.255     +0.000
    1000      0.122      0.122   +0.000      0.259      0.259     +0.000
    1500      0.122      0.122   +0.000      0.262      0.255     -0.007
    2000      0.122      0.122   +0.000      0.262      0.255     -0.007

  results: /Users/dypatterson/Desktop/Neuro-AI/reports/phase4_tuned_dw1000_re100/phase4_unified_results.json
