loading corpus...
  vocab: 2050 tokens
  codebook: torch.Size([2050, 4096])
  cue stream: 2000 valid cues (filtered from 23008 candidates); test set: 400

======================================================================
  Condition: baseline (no replay, no consolidation)
======================================================================
  step=    0  top1=0.014  topk=0.024  cap_t05=0.014
  step=  500  top1=0.017  topk=0.024  cap_t05=0.014
  step= 1000  top1=0.041  topk=0.058  cap_t05=0.014
  step= 1500  top1=0.041  topk=0.058  cap_t05=0.014
  step= 2000  top1=0.044  topk=0.061  cap_t05=0.017

======================================================================
  Condition: phase4 (trajectory + consolidation + replay)
======================================================================
  step=    0  top1=0.014  topk=0.024  cap_t05=0.014
  step=  500  top1=0.017  topk=0.024  cap_t05=0.014  store=0 meanU=0.133 n_pat=4096 cands=0
  step= 1000  top1=0.041  topk=0.058  cap_t05=0.014  store=0 meanU=0.065 n_pat=4096 cands=0
  step= 1500  top1=0.041  topk=0.058  cap_t05=0.014  store=0 meanU=0.039 n_pat=4096 cands=0
  step= 2000  top1=0.044  topk=0.061  cap_t05=0.017  store=0 meanU=0.026 n_pat=4096 cands=0

======================================================================
  Summary: deltas at each checkpoint
======================================================================
    step    cb_top1    p4_top1    Δtop1   cb_capt5   p4_capt5    Δcap_t5
       0      0.014      0.014   +0.000      0.014      0.014     +0.000
     500      0.017      0.017   +0.000      0.014      0.014     +0.000
    1000      0.041      0.041   +0.000      0.014      0.014     +0.000
    1500      0.041      0.041   +0.000      0.014      0.014     +0.000
    2000      0.044      0.044   +0.000      0.017      0.017     +0.000

  results: /Users/dypatterson/Desktop/Neuro-AI/reports/phase4_rt0p85_random_cb/phase4_unified_results.json
